This file contains any messages produced by compilers while
running configure, to aid debugging if configure makes a mistake.

It was created by noise-c configure 0.0.1, which was
generated by GNU Autoconf 2.71.  Invocation command line was

  $ ./configure --no-create --no-recursion

## --------- ##
## Platform. ##
## --------- ##

hostname = user-pc
uname -m = x86_64
uname -r = 6.5.0-27-generic
uname -s = Linux
uname -v = #28~22.04.1-Ubuntu SMP PREEMPT_DYNAMIC Fri Mar 15 10:51:06 UTC 2

/usr/bin/uname -p = x86_64
/bin/uname -X     = unknown

/bin/arch              = x86_64
/usr/bin/arch -k       = unknown
/usr/convex/getsysinfo = unknown
/usr/bin/hostinfo      = unknown
/bin/machine           = unknown
/usr/bin/oslevel       = unknown
/bin/universe          = unknown

PATH: /home/user/.nvm/versions/node/v15.14.0/bin/
PATH: /home/user/.local/bin/
PATH: /usr/local/sbin/
PATH: /usr/local/bin/
PATH: /usr/sbin/
PATH: /usr/bin/
PATH: /sbin/
PATH: /bin/
PATH: /usr/games/
PATH: /usr/local/games/
PATH: /snap/bin/
PATH: /snap/bin/
PATH: /usr/local/go/bin/
PATH: /home/user/.local/share/JetBrains/Toolbox/scripts/


## ----------- ##
## Core tests. ##
## ----------- ##

configure:2684: looking for aux files: config.guess config.sub compile missing install-sh
configure:2697:  trying ./
configure:2726:   ./config.guess found
configure:2726:   ./config.sub found
configure:2726:   ./compile found
configure:2726:   ./missing found
configure:2708:   ./install-sh found
configure:2855: checking for a BSD-compatible install
configure:2928: result: /usr/bin/install -c
configure:2939: checking whether build environment is sane
configure:2994: result: yes
configure:3153: checking for a race-free mkdir -p
configure:3197: result: /usr/bin/mkdir -p
configure:3204: checking for gawk
configure:3239: result: no
configure:3204: checking for mawk
configure:3225: found /usr/bin/mawk
configure:3236: result: mawk
configure:3247: checking whether make sets $(MAKE)
configure:3270: result: yes
configure:3300: checking whether make supports nested variables
configure:3318: result: yes
configure:3518: checking for gcc
configure:3539: found /usr/bin/gcc
configure:3550: result: gcc
configure:3903: checking for C compiler version
configure:3912: gcc --version >&5
gcc (Ubuntu 11.4.0-1ubuntu1~22.04) 11.4.0
Copyright (C) 2021 Free Software Foundation, Inc.
This is free software; see the source for copying conditions.  There is NO
warranty; not even for MERCHANTABILITY or FITNESS FOR A PARTICULAR PURPOSE.

configure:3923: $? = 0
configure:3912: gcc -v >&5
Using built-in specs.
COLLECT_GCC=gcc
COLLECT_LTO_WRAPPER=/usr/lib/gcc/x86_64-linux-gnu/11/lto-wrapper
OFFLOAD_TARGET_NAMES=nvptx-none:amdgcn-amdhsa
OFFLOAD_TARGET_DEFAULT=1
Target: x86_64-linux-gnu
Configured with: ../src/configure -v --with-pkgversion='Ubuntu 11.4.0-1ubuntu1~22.04' --with-bugurl=file:///usr/share/doc/gcc-11/README.Bugs --enable-languages=c,ada,c++,go,brig,d,fortran,objc,obj-c++,m2 --prefix=/usr --with-gcc-major-version-only --program-suffix=-11 --program-prefix=x86_64-linux-gnu- --enable-shared --enable-linker-build-id --libexecdir=/usr/lib --without-included-gettext --enable-threads=posix --libdir=/usr/lib --enable-nls --enable-bootstrap --enable-clocale=gnu --enable-libstdcxx-debug --enable-libstdcxx-time=yes --with-default-libstdcxx-abi=new --enable-gnu-unique-object --disable-vtable-verify --enable-plugin --enable-default-pie --with-system-zlib --enable-libphobos-checking=release --with-target-system-zlib=auto --enable-objc-gc=auto --enable-multiarch --disable-werror --enable-cet --with-arch-32=i686 --with-abi=m64 --with-multilib-list=m32,m64,mx32 --enable-multilib --with-tune=generic --enable-offload-targets=nvptx-none=/build/gcc-11-XeT9lY/gcc-11-11.4.0/debian/tmp-nvptx/usr,amdgcn-amdhsa=/build/gcc-11-XeT9lY/gcc-11-11.4.0/debian/tmp-gcn/usr --without-cuda-driver --enable-checking=release --build=x86_64-linux-gnu --host=x86_64-linux-gnu --target=x86_64-linux-gnu --with-build-config=bootstrap-lto-lean --enable-link-serialization=2
Thread model: posix
Supported LTO compression algorithms: zlib zstd
gcc version 11.4.0 (Ubuntu 11.4.0-1ubuntu1~22.04) 
... rest of stderr output deleted ...
configure:3923: $? = 0
configure:3912: gcc -V >&5
gcc: error: unrecognized command-line option '-V'
gcc: fatal error: no input files
compilation terminated.
configure:3923: $? = 1
configure:3912: gcc -qversion >&5
gcc: error: unrecognized command-line option '-qversion'; did you mean '--version'?
gcc: fatal error: no input files
compilation terminated.
configure:3923: $? = 1
configure:3912: gcc -version >&5
gcc: error: unrecognized command-line option '-version'
gcc: fatal error: no input files
compilation terminated.
configure:3923: $? = 1
configure:3943: checking whether the C compiler works
configure:3965: gcc    conftest.c  >&5
configure:3969: $? = 0
configure:4019: result: yes
configure:4022: checking for C compiler default output file name
configure:4024: result: a.out
configure:4030: checking for suffix of executables
configure:4037: gcc -o conftest    conftest.c  >&5
configure:4041: $? = 0
configure:4064: result: 
configure:4086: checking whether we are cross compiling
configure:4094: gcc -o conftest    conftest.c  >&5
configure:4098: $? = 0
configure:4105: ./conftest
configure:4109: $? = 0
configure:4124: result: no
configure:4129: checking for suffix of object files
configure:4152: gcc -c   conftest.c >&5
configure:4156: $? = 0
configure:4178: result: o
configure:4182: checking whether the compiler supports GNU C
configure:4202: gcc -c   conftest.c >&5
configure:4202: $? = 0
configure:4212: result: yes
configure:4223: checking whether gcc accepts -g
configure:4244: gcc -c -g  conftest.c >&5
configure:4244: $? = 0
configure:4288: result: yes
configure:4308: checking for gcc option to enable C11 features
configure:4323: gcc  -c -g -O2  conftest.c >&5
configure:4323: $? = 0
configure:4341: result: none needed
configure:4457: checking whether gcc understands -c and -o together
configure:4480: gcc -c conftest.c -o conftest2.o
configure:4483: $? = 0
configure:4480: gcc -c conftest.c -o conftest2.o
configure:4483: $? = 0
configure:4495: result: yes
configure:4515: checking whether make supports the include directive
configure:4530: make -f confmf.GNU && cat confinc.out
make[1]: Entering directory '/home/user/Desktop/University/MICS_Master/Semester4/Thesis/Implementation_Work/Noise_c'
make[1]: Leaving directory '/home/user/Desktop/University/MICS_Master/Semester4/Thesis/Implementation_Work/Noise_c'
this is the am__doit target
configure:4533: $? = 0
configure:4552: result: yes (GNU style)
configure:4578: checking dependency style of gcc
configure:4690: result: gcc3
configure:4754: checking for ranlib
configure:4775: found /usr/bin/ranlib
configure:4786: result: ranlib
configure:4813: checking for flex
configure:4834: found /usr/bin/flex
configure:4845: result: flex
configure:4894: checking for lex output file root
configure:4907: flex conftest.l
configure:4911: $? = 0
configure:4919: result: lex.yy
configure:4934: checking for lex library
configure:4959: gcc -o conftest -g -O2   conftest.c  >&5
configure:4959: $? = 0
configure:4972: result: none needed
configure:4987: checking for library containing yywrap
configure:5017: gcc -o conftest -g -O2   conftest.c  >&5
/usr/bin/ld: /tmp/cclmnGgr.o: in function `main':
/home/user/Desktop/University/MICS_Master/Semester4/Thesis/Implementation_Work/Noise_c/conftest.c:19: undefined reference to `yywrap'
collect2: error: ld returned 1 exit status
configure:5017: $? = 1
configure: failed program was:
| /* confdefs.h */
| #define PACKAGE_NAME "noise-c"
| #define PACKAGE_TARNAME "noise-c"
| #define PACKAGE_VERSION "0.0.1"
| #define PACKAGE_STRING "noise-c 0.0.1"
| #define PACKAGE_BUGREPORT ""
| #define PACKAGE_URL ""
| #define PACKAGE "noise-c"
| #define VERSION "0.0.1"
| /* end confdefs.h.  */
| 
| /* Override any GCC internal prototype to avoid an error.
|    Use char because int might match the return type of a GCC
|    builtin and then its argument prototype would still apply.  */
| char yywrap ();
| int
| main (void)
| {
| return yywrap ();
|   ;
|   return 0;
| }
configure:5017: gcc -o conftest -g -O2   conftest.c -lfl   >&5
/usr/bin/ld: cannot find -lfl: No such file or directory
collect2: error: ld returned 1 exit status
configure:5017: $? = 1
configure: failed program was:
| /* confdefs.h */
| #define PACKAGE_NAME "noise-c"
| #define PACKAGE_TARNAME "noise-c"
| #define PACKAGE_VERSION "0.0.1"
| #define PACKAGE_STRING "noise-c 0.0.1"
| #define PACKAGE_BUGREPORT ""
| #define PACKAGE_URL ""
| #define PACKAGE "noise-c"
| #define VERSION "0.0.1"
| /* end confdefs.h.  */
| 
| /* Override any GCC internal prototype to avoid an error.
|    Use char because int might match the return type of a GCC
|    builtin and then its argument prototype would still apply.  */
| char yywrap ();
| int
| main (void)
| {
| return yywrap ();
|   ;
|   return 0;
| }
configure:5017: gcc -o conftest -g -O2   conftest.c -ll   >&5
/usr/bin/ld: cannot find -ll: No such file or directory
collect2: error: ld returned 1 exit status
configure:5017: $? = 1
configure: failed program was:
| /* confdefs.h */
| #define PACKAGE_NAME "noise-c"
| #define PACKAGE_TARNAME "noise-c"
| #define PACKAGE_VERSION "0.0.1"
| #define PACKAGE_STRING "noise-c 0.0.1"
| #define PACKAGE_BUGREPORT ""
| #define PACKAGE_URL ""
| #define PACKAGE "noise-c"
| #define VERSION "0.0.1"
| /* end confdefs.h.  */
| 
| /* Override any GCC internal prototype to avoid an error.
|    Use char because int might match the return type of a GCC
|    builtin and then its argument prototype would still apply.  */
| char yywrap ();
| int
| main (void)
| {
| return yywrap ();
|   ;
|   return 0;
| }
configure:5037: result: no
configure:5053: checking whether yytext is a pointer
configure:5069: gcc -c -g -O2  conftest.c >&5
configure:5069: $? = 0
configure:5076: result: yes
configure:5092: checking for bison
configure:5113: found /usr/bin/bison
configure:5124: result: bison -y
configure:5138: checking for doxygen
configure:5161: found /usr/bin/doxygen
configure:5173: result: /usr/bin/doxygen
configure:5182: checking for gcc options needed to detect all undeclared functions
configure:5204: gcc -c -g -O2   conftest.c >&5
conftest.c: In function 'main':
conftest.c:16:8: error: 'strchr' undeclared (first use in this function)
   16 | (void) strchr;
      |        ^~~~~~
conftest.c:1:1: note: 'strchr' is defined in header '<string.h>'; did you forget to '#include <string.h>'?
    1 | /* confdefs.h */
conftest.c:16:8: note: each undeclared identifier is reported only once for each function it appears in
   16 | (void) strchr;
      |        ^~~~~~
configure:5204: $? = 1
configure: failed program was:
| /* confdefs.h */
| #define PACKAGE_NAME "noise-c"
| #define PACKAGE_TARNAME "noise-c"
| #define PACKAGE_VERSION "0.0.1"
| #define PACKAGE_STRING "noise-c 0.0.1"
| #define PACKAGE_BUGREPORT ""
| #define PACKAGE_URL ""
| #define PACKAGE "noise-c"
| #define VERSION "0.0.1"
| #define YYTEXT_POINTER 1
| /* end confdefs.h.  */
| 
| int
| main (void)
| {
| (void) strchr;
|   ;
|   return 0;
| }
configure:5231: gcc -c -g -O2   conftest.c >&5
configure:5231: $? = 0
configure:5248: result: none needed
configure:5266: checking for stdio.h
configure:5266: gcc -c -g -O2  conftest.c >&5
configure:5266: $? = 0
configure:5266: result: yes
configure:5266: checking for stdlib.h
configure:5266: gcc -c -g -O2  conftest.c >&5
configure:5266: $? = 0
configure:5266: result: yes
configure:5266: checking for string.h
configure:5266: gcc -c -g -O2  conftest.c >&5
configure:5266: $? = 0
configure:5266: result: yes
configure:5266: checking for inttypes.h
configure:5266: gcc -c -g -O2  conftest.c >&5
configure:5266: $? = 0
configure:5266: result: yes
configure:5266: checking for stdint.h
configure:5266: gcc -c -g -O2  conftest.c >&5
configure:5266: $? = 0
configure:5266: result: yes
configure:5266: checking for strings.h
configure:5266: gcc -c -g -O2  conftest.c >&5
configure:5266: $? = 0
configure:5266: result: yes
configure:5266: checking for sys/stat.h
configure:5266: gcc -c -g -O2  conftest.c >&5
configure:5266: $? = 0
configure:5266: result: yes
configure:5266: checking for sys/types.h
configure:5266: gcc -c -g -O2  conftest.c >&5
configure:5266: $? = 0
configure:5266: result: yes
configure:5266: checking for unistd.h
configure:5266: gcc -c -g -O2  conftest.c >&5
configure:5266: $? = 0
configure:5266: result: yes
configure:5291: checking whether __x86_64__ is declared
configure:5291: gcc -c -g -O2   conftest.c >&5
configure:5291: $? = 0
configure:5291: result: yes
configure:5300: checking size of void *
configure:5306: gcc -o conftest -g -O2   conftest.c  >&5
configure:5306: $? = 0
configure:5306: ./conftest
configure:5306: $? = 0
configure:5321: result: 8
configure:5349: checking for clock_gettime in -lrt
configure:5372: gcc -o conftest -g -O2   conftest.c -lrt   >&5
configure:5372: $? = 0
configure:5382: result: yes
configure:5393: checking for _head_libws2_32_a in -lws2_32
configure:5416: gcc -o conftest -g -O2   conftest.c -lws2_32  -lrt  >&5
/usr/bin/ld: cannot find -lws2_32: No such file or directory
collect2: error: ld returned 1 exit status
configure:5416: $? = 1
configure: failed program was:
| /* confdefs.h */
| #define PACKAGE_NAME "noise-c"
| #define PACKAGE_TARNAME "noise-c"
| #define PACKAGE_VERSION "0.0.1"
| #define PACKAGE_STRING "noise-c 0.0.1"
| #define PACKAGE_BUGREPORT ""
| #define PACKAGE_URL ""
| #define PACKAGE "noise-c"
| #define VERSION "0.0.1"
| #define YYTEXT_POINTER 1
| #define HAVE_STDIO_H 1
| #define HAVE_STDLIB_H 1
| #define HAVE_STRING_H 1
| #define HAVE_INTTYPES_H 1
| #define HAVE_STDINT_H 1
| #define HAVE_STRINGS_H 1
| #define HAVE_SYS_STAT_H 1
| #define HAVE_SYS_TYPES_H 1
| #define HAVE_UNISTD_H 1
| #define STDC_HEADERS 1
| #define SIZEOF_VOID_P 8
| #define HAVE_LIBRT 1
| /* end confdefs.h.  */
| 
| /* Override any GCC internal prototype to avoid an error.
|    Use char because int might match the return type of a GCC
|    builtin and then its argument prototype would still apply.  */
| char _head_libws2_32_a ();
| int
| main (void)
| {
| return _head_libws2_32_a ();
|   ;
|   return 0;
| }
configure:5426: result: no
configure:5436: checking for _head_lib32_libws2_32_a in -lws2_32
configure:5459: gcc -o conftest -g -O2   conftest.c -lws2_32  -lrt  >&5
/usr/bin/ld: cannot find -lws2_32: No such file or directory
collect2: error: ld returned 1 exit status
configure:5459: $? = 1
configure: failed program was:
| /* confdefs.h */
| #define PACKAGE_NAME "noise-c"
| #define PACKAGE_TARNAME "noise-c"
| #define PACKAGE_VERSION "0.0.1"
| #define PACKAGE_STRING "noise-c 0.0.1"
| #define PACKAGE_BUGREPORT ""
| #define PACKAGE_URL ""
| #define PACKAGE "noise-c"
| #define VERSION "0.0.1"
| #define YYTEXT_POINTER 1
| #define HAVE_STDIO_H 1
| #define HAVE_STDLIB_H 1
| #define HAVE_STRING_H 1
| #define HAVE_INTTYPES_H 1
| #define HAVE_STDINT_H 1
| #define HAVE_STRINGS_H 1
| #define HAVE_SYS_STAT_H 1
| #define HAVE_SYS_TYPES_H 1
| #define HAVE_UNISTD_H 1
| #define STDC_HEADERS 1
| #define SIZEOF_VOID_P 8
| #define HAVE_LIBRT 1
| /* end confdefs.h.  */
| 
| /* Override any GCC internal prototype to avoid an error.
|    Use char because int might match the return type of a GCC
|    builtin and then its argument prototype would still apply.  */
| char _head_lib32_libws2_32_a ();
| int
| main (void)
| {
| return _head_lib32_libws2_32_a ();
|   ;
|   return 0;
| }
configure:5469: result: no
configure:5479: checking for _head_lib64_libws2_32_a in -lws2_32
configure:5502: gcc -o conftest -g -O2   conftest.c -lws2_32  -lrt  >&5
/usr/bin/ld: cannot find -lws2_32: No such file or directory
collect2: error: ld returned 1 exit status
configure:5502: $? = 1
configure: failed program was:
| /* confdefs.h */
| #define PACKAGE_NAME "noise-c"
| #define PACKAGE_TARNAME "noise-c"
| #define PACKAGE_VERSION "0.0.1"
| #define PACKAGE_STRING "noise-c 0.0.1"
| #define PACKAGE_BUGREPORT ""
| #define PACKAGE_URL ""
| #define PACKAGE "noise-c"
| #define VERSION "0.0.1"
| #define YYTEXT_POINTER 1
| #define HAVE_STDIO_H 1
| #define HAVE_STDLIB_H 1
| #define HAVE_STRING_H 1
| #define HAVE_INTTYPES_H 1
| #define HAVE_STDINT_H 1
| #define HAVE_STRINGS_H 1
| #define HAVE_SYS_STAT_H 1
| #define HAVE_SYS_TYPES_H 1
| #define HAVE_UNISTD_H 1
| #define STDC_HEADERS 1
| #define SIZEOF_VOID_P 8
| #define HAVE_LIBRT 1
| /* end confdefs.h.  */
| 
| /* Override any GCC internal prototype to avoid an error.
|    Use char because int might match the return type of a GCC
|    builtin and then its argument prototype would still apply.  */
| char _head_lib64_libws2_32_a ();
| int
| main (void)
| {
| return _head_lib64_libws2_32_a ();
|   ;
|   return 0;
| }
configure:5512: result: no
configure:5523: checking for poll
configure:5523: gcc -o conftest -g -O2   conftest.c -lrt  >&5
configure:5523: $? = 0
configure:5523: result: yes
configure:5537: checking build system type
configure:5552: result: x86_64-pc-linux-gnu
configure:5572: checking host system type
configure:5586: result: x86_64-pc-linux-gnu
configure:5606: checking for a sed that does not truncate output
configure:5676: result: /usr/bin/sed
configure:5686: checking how to run the C preprocessor
configure:5712: gcc -E  conftest.c
configure:5712: $? = 0
configure:5727: gcc -E  conftest.c
conftest.c:25:10: fatal error: ac_nonexistent.h: No such file or directory
   25 | #include <ac_nonexistent.h>
      |          ^~~~~~~~~~~~~~~~~~
compilation terminated.
configure:5727: $? = 1
configure: failed program was:
| /* confdefs.h */
| #define PACKAGE_NAME "noise-c"
| #define PACKAGE_TARNAME "noise-c"
| #define PACKAGE_VERSION "0.0.1"
| #define PACKAGE_STRING "noise-c 0.0.1"
| #define PACKAGE_BUGREPORT ""
| #define PACKAGE_URL ""
| #define PACKAGE "noise-c"
| #define VERSION "0.0.1"
| #define YYTEXT_POINTER 1
| #define HAVE_STDIO_H 1
| #define HAVE_STDLIB_H 1
| #define HAVE_STRING_H 1
| #define HAVE_INTTYPES_H 1
| #define HAVE_STDINT_H 1
| #define HAVE_STRINGS_H 1
| #define HAVE_SYS_STAT_H 1
| #define HAVE_SYS_TYPES_H 1
| #define HAVE_UNISTD_H 1
| #define STDC_HEADERS 1
| #define SIZEOF_VOID_P 8
| #define HAVE_LIBRT 1
| #define HAVE_POLL 1
| /* end confdefs.h.  */
| #include <ac_nonexistent.h>
configure:5754: result: gcc -E
configure:5768: gcc -E  conftest.c
configure:5768: $? = 0
configure:5783: gcc -E  conftest.c
conftest.c:25:10: fatal error: ac_nonexistent.h: No such file or directory
   25 | #include <ac_nonexistent.h>
      |          ^~~~~~~~~~~~~~~~~~
compilation terminated.
configure:5783: $? = 1
configure: failed program was:
| /* confdefs.h */
| #define PACKAGE_NAME "noise-c"
| #define PACKAGE_TARNAME "noise-c"
| #define PACKAGE_VERSION "0.0.1"
| #define PACKAGE_STRING "noise-c 0.0.1"
| #define PACKAGE_BUGREPORT ""
| #define PACKAGE_URL ""
| #define PACKAGE "noise-c"
| #define VERSION "0.0.1"
| #define YYTEXT_POINTER 1
| #define HAVE_STDIO_H 1
| #define HAVE_STDLIB_H 1
| #define HAVE_STRING_H 1
| #define HAVE_INTTYPES_H 1
| #define HAVE_STDINT_H 1
| #define HAVE_STRINGS_H 1
| #define HAVE_SYS_STAT_H 1
| #define HAVE_SYS_TYPES_H 1
| #define HAVE_UNISTD_H 1
| #define STDC_HEADERS 1
| #define SIZEOF_VOID_P 8
| #define HAVE_LIBRT 1
| #define HAVE_POLL 1
| /* end confdefs.h.  */
| #include <ac_nonexistent.h>
configure:5814: checking for grep that handles long lines and -e
configure:5878: result: /usr/bin/grep
configure:5883: checking for egrep
configure:5951: result: /usr/bin/grep -E
configure:6141: checking whether gcc is Clang
configure:6168: result: no
configure:6296: checking whether pthreads work with -pthread
configure:6396: gcc -o conftest -g -O2 -pthread   conftest.c  -lrt  >&5
configure:6396: $? = 0
configure:6406: result: yes
configure:6426: checking for joinable pthread attribute
configure:6445: gcc -o conftest -g -O2 -pthread   conftest.c  -lrt  >&5
configure:6445: $? = 0
configure:6454: result: PTHREAD_CREATE_JOINABLE
configure:6467: checking whether more special flags are required for pthreads
configure:6481: result: no
configure:6490: checking for PTHREAD_PRIO_INHERIT
configure:6507: gcc -o conftest -g -O2 -pthread   conftest.c  -lrt  >&5
configure:6507: $? = 0
configure:6517: result: yes
configure:6713: checking for pkg-config
configure:6736: found /usr/bin/pkg-config
configure:6748: result: /usr/bin/pkg-config
configure:6773: checking pkg-config is at least version 0.9.0
configure:6776: result: yes
configure:7337: checking that generated files are newer than configure
configure:7343: result: done
configure:7382: creating ./config.status

## ---------------- ##
## Cache variables. ##
## ---------------- ##

ac_cv_build=x86_64-pc-linux-gnu
ac_cv_c_compiler_gnu=yes
ac_cv_c_undeclared_builtin_options='none needed'
ac_cv_env_CC_set=
ac_cv_env_CC_value=
ac_cv_env_CFLAGS_set=
ac_cv_env_CFLAGS_value=
ac_cv_env_CPPFLAGS_set=
ac_cv_env_CPPFLAGS_value=
ac_cv_env_CPP_set=
ac_cv_env_CPP_value=
ac_cv_env_LDFLAGS_set=
ac_cv_env_LDFLAGS_value=
ac_cv_env_LIBS_set=
ac_cv_env_LIBS_value=
ac_cv_env_PKG_CONFIG_LIBDIR_set=
ac_cv_env_PKG_CONFIG_LIBDIR_value=
ac_cv_env_PKG_CONFIG_PATH_set=
ac_cv_env_PKG_CONFIG_PATH_value=
ac_cv_env_PKG_CONFIG_set=
ac_cv_env_PKG_CONFIG_value=
ac_cv_env_YACC_set=
ac_cv_env_YACC_value=
ac_cv_env_YFLAGS_set=
ac_cv_env_YFLAGS_value=
ac_cv_env_build_alias_set=
ac_cv_env_build_alias_value=
ac_cv_env_host_alias_set=
ac_cv_env_host_alias_value=
ac_cv_env_libsodium_CFLAGS_set=
ac_cv_env_libsodium_CFLAGS_value=
ac_cv_env_libsodium_LIBS_set=
ac_cv_env_libsodium_LIBS_value=
ac_cv_env_openssl_CFLAGS_set=
ac_cv_env_openssl_CFLAGS_value=
ac_cv_env_openssl_LIBS_set=
ac_cv_env_openssl_LIBS_value=
ac_cv_env_target_alias_set=
ac_cv_env_target_alias_value=
ac_cv_func_poll=yes
ac_cv_have_decl___x86_64__=yes
ac_cv_header_inttypes_h=yes
ac_cv_header_stdint_h=yes
ac_cv_header_stdio_h=yes
ac_cv_header_stdlib_h=yes
ac_cv_header_string_h=yes
ac_cv_header_strings_h=yes
ac_cv_header_sys_stat_h=yes
ac_cv_header_sys_types_h=yes
ac_cv_header_unistd_h=yes
ac_cv_host=x86_64-pc-linux-gnu
ac_cv_lib_lex='none needed'
ac_cv_lib_rt_clock_gettime=yes
ac_cv_lib_ws2_32__head_lib32_libws2_32_a=no
ac_cv_lib_ws2_32__head_lib64_libws2_32_a=no
ac_cv_lib_ws2_32__head_libws2_32_a=no
ac_cv_objext=o
ac_cv_path_DOXYGEN=/usr/bin/doxygen
ac_cv_path_EGREP='/usr/bin/grep -E'
ac_cv_path_GREP=/usr/bin/grep
ac_cv_path_SED=/usr/bin/sed
ac_cv_path_ac_pt_PKG_CONFIG=/usr/bin/pkg-config
ac_cv_path_install='/usr/bin/install -c'
ac_cv_path_mkdir=/usr/bin/mkdir
ac_cv_prog_AWK=mawk
ac_cv_prog_CPP='gcc -E'
ac_cv_prog_LEX=flex
ac_cv_prog_YACC='bison -y'
ac_cv_prog_ac_ct_CC=gcc
ac_cv_prog_ac_ct_RANLIB=ranlib
ac_cv_prog_cc_c11=
ac_cv_prog_cc_g=yes
ac_cv_prog_cc_stdc=
ac_cv_prog_lex_root=lex.yy
ac_cv_prog_lex_yytext_pointer=yes
ac_cv_prog_make_make_set=yes
ac_cv_search_yywrap=no
ac_cv_sizeof_void_p=8
am_cv_CC_dependencies_compiler_type=gcc3
am_cv_make_support_nested_variables=yes
am_cv_prog_cc_c_o=yes
ax_cv_PTHREAD_CLANG=no
ax_cv_PTHREAD_JOINABLE_ATTR=PTHREAD_CREATE_JOINABLE
ax_cv_PTHREAD_PRIO_INHERIT=yes
ax_cv_PTHREAD_SPECIAL_FLAGS=no

## ----------------- ##
## Output variables. ##
## ----------------- ##

ACLOCAL='${SHELL} '\''/home/user/Desktop/University/MICS_Master/Semester4/Thesis/Implementation_Work/Noise_c/missing'\'' aclocal-1.16'
AMDEPBACKSLASH='\'
AMDEP_FALSE='#'
AMDEP_TRUE=''
AMTAR='$${TAR-tar}'
AM_BACKSLASH='\'
AM_DEFAULT_V='$(AM_DEFAULT_VERBOSITY)'
AM_DEFAULT_VERBOSITY='1'
AM_V='$(V)'
AUTOCONF='${SHELL} '\''/home/user/Desktop/University/MICS_Master/Semester4/Thesis/Implementation_Work/Noise_c/missing'\'' autoconf'
AUTOHEADER='${SHELL} '\''/home/user/Desktop/University/MICS_Master/Semester4/Thesis/Implementation_Work/Noise_c/missing'\'' autoheader'
AUTOMAKE='${SHELL} '\''/home/user/Desktop/University/MICS_Master/Semester4/Thesis/Implementation_Work/Noise_c/missing'\'' automake-1.16'
AWK='mawk'
CC='gcc'
CCDEPMODE='depmode=gcc3'
CFLAGS='-g -O2 -pthread'
CPP='gcc -E'
CPPFLAGS=''
CSCOPE='cscope'
CTAGS='ctags'
CYGPATH_W='echo'
DEFS='-DPACKAGE_NAME=\"noise-c\" -DPACKAGE_TARNAME=\"noise-c\" -DPACKAGE_VERSION=\"0.0.1\" -DPACKAGE_STRING=\"noise-c\ 0.0.1\" -DPACKAGE_BUGREPORT=\"\" -DPACKAGE_URL=\"\" -DPACKAGE=\"noise-c\" -DVERSION=\"0.0.1\" -DYYTEXT_POINTER=1 -DHAVE_STDIO_H=1 -DHAVE_STDLIB_H=1 -DHAVE_STRING_H=1 -DHAVE_INTTYPES_H=1 -DHAVE_STDINT_H=1 -DHAVE_STRINGS_H=1 -DHAVE_SYS_STAT_H=1 -DHAVE_SYS_TYPES_H=1 -DHAVE_UNISTD_H=1 -DSTDC_HEADERS=1 -DSIZEOF_VOID_P=8 -DHAVE_LIBRT=1 -DHAVE_POLL=1 -DHAVE_PTHREAD_PRIO_INHERIT=1'
DEPDIR='.deps'
DOXYGEN='/usr/bin/doxygen'
ECHO_C=''
ECHO_N='-n'
ECHO_T=''
EGREP='/usr/bin/grep -E'
ETAGS='etags'
EXEEXT=''
GOLDILOCKS_ARCH='arch_x86_64'
GREP='/usr/bin/grep'
INSTALL_DATA='${INSTALL} -m 644'
INSTALL_PROGRAM='${INSTALL}'
INSTALL_SCRIPT='${INSTALL}'
INSTALL_STRIP_PROGRAM='$(install_sh) -c -s'
LDFLAGS=''
LEX='flex'
LEXLIB=''
LEX_OUTPUT_ROOT='lex.yy'
LIBOBJS=''
LIBS=' -lrt '
LTLIBOBJS=''
MAKEINFO='${SHELL} '\''/home/user/Desktop/University/MICS_Master/Semester4/Thesis/Implementation_Work/Noise_c/missing'\'' makeinfo'
MKDIR_P='/usr/bin/mkdir -p'
OBJEXT='o'
PACKAGE='noise-c'
PACKAGE_BUGREPORT=''
PACKAGE_NAME='noise-c'
PACKAGE_STRING='noise-c 0.0.1'
PACKAGE_TARNAME='noise-c'
PACKAGE_URL=''
PACKAGE_VERSION='0.0.1'
PATH_SEPARATOR=':'
PKG_CONFIG='/usr/bin/pkg-config'
PKG_CONFIG_LIBDIR=''
PKG_CONFIG_PATH=''
PTHREAD_CC='gcc'
PTHREAD_CFLAGS='-pthread'
PTHREAD_LIBS=''
RANLIB='ranlib'
SED='/usr/bin/sed'
SET_MAKE=''
SHELL='/bin/bash'
STRIP=''
USE_LIBSODIUM_FALSE=''
USE_LIBSODIUM_TRUE='#'
USE_OPENSSL_FALSE=''
USE_OPENSSL_TRUE='#'
VERSION='0.0.1'
WARNING_FLAGS='-Wall'
YACC='bison -y'
YFLAGS=''
ac_ct_CC='gcc'
am__EXEEXT_FALSE=''
am__EXEEXT_TRUE='#'
am__fastdepCC_FALSE='#'
am__fastdepCC_TRUE=''
am__include='include'
am__isrc=''
am__leading_dot='.'
am__nodep='_no'
am__quote=''
am__tar='$${TAR-tar} chof - "$$tardir"'
am__untar='$${TAR-tar} xf -'
ax_pthread_config=''
bindir='${exec_prefix}/bin'
build='x86_64-pc-linux-gnu'
build_alias=''
build_cpu='x86_64'
build_os='linux-gnu'
build_vendor='pc'
datadir='${datarootdir}'
datarootdir='${prefix}/share'
docdir='${datarootdir}/doc/${PACKAGE_TARNAME}'
dvidir='${docdir}'
exec_prefix='${prefix}'
host='x86_64-pc-linux-gnu'
host_alias=''
host_cpu='x86_64'
host_os='linux-gnu'
host_vendor='pc'
htmldir='${docdir}'
includedir='${prefix}/include'
infodir='${datarootdir}/info'
install_sh='${SHELL} /home/user/Desktop/University/MICS_Master/Semester4/Thesis/Implementation_Work/Noise_c/install-sh'
libdir='${exec_prefix}/lib'
libexecdir='${exec_prefix}/libexec'
libsodium_CFLAGS=''
libsodium_LIBS=''
localedir='${datarootdir}/locale'
localstatedir='${prefix}/var'
mandir='${datarootdir}/man'
mkdir_p='$(MKDIR_P)'
oldincludedir='/usr/include'
openssl_CFLAGS=''
openssl_LIBS=''
pdfdir='${docdir}'
prefix='/usr/local'
program_transform_name='s,x,x,'
psdir='${docdir}'
runstatedir='${localstatedir}/run'
sbindir='${exec_prefix}/sbin'
sharedstatedir='${prefix}/com'
sysconfdir='${prefix}/etc'
target_alias=''

## ----------- ##
## confdefs.h. ##
## ----------- ##

/* confdefs.h */
#define PACKAGE_NAME "noise-c"
#define PACKAGE_TARNAME "noise-c"
#define PACKAGE_VERSION "0.0.1"
#define PACKAGE_STRING "noise-c 0.0.1"
#define PACKAGE_BUGREPORT ""
#define PACKAGE_URL ""
#define PACKAGE "noise-c"
#define VERSION "0.0.1"
#define YYTEXT_POINTER 1
#define HAVE_STDIO_H 1
#define HAVE_STDLIB_H 1
#define HAVE_STRING_H 1
#define HAVE_INTTYPES_H 1
#define HAVE_STDINT_H 1
#define HAVE_STRINGS_H 1
#define HAVE_SYS_STAT_H 1
#define HAVE_SYS_TYPES_H 1
#define HAVE_UNISTD_H 1
#define STDC_HEADERS 1
#define SIZEOF_VOID_P 8
#define HAVE_LIBRT 1
#define HAVE_POLL 1
#define HAVE_PTHREAD_PRIO_INHERIT 1

configure: exit 0

## ---------------------- ##
## Running config.status. ##
## ---------------------- ##

This file was extended by noise-c config.status 0.0.1, which was
generated by GNU Autoconf 2.71.  Invocation command line was

  CONFIG_FILES    = 
  CONFIG_HEADERS  = 
  CONFIG_LINKS    = 
  CONFIG_COMMANDS = 
  $ ./config.status 

on user-pc

config.status:829: creating Makefile
config.status:829: creating include/Makefile
config.status:829: creating include/noise/Makefile
config.status:829: creating include/noise/protocol/Makefile
config.status:829: creating include/noise/keys/Makefile
config.status:829: creating src/Makefile
config.status:829: creating src/protocol/Makefile
config.status:829: creating src/protobufs/Makefile
config.status:829: creating src/keys/Makefile
config.status:829: creating tests/Makefile
config.status:829: creating tests/unit/Makefile
config.status:829: creating tests/vector/Makefile
config.status:829: creating tests/vector-gen/Makefile
config.status:829: creating tests/performance/Makefile
config.status:829: creating tools/Makefile
config.status:829: creating tools/keytool/Makefile
config.status:829: creating tools/protoc/Makefile
config.status:829: creating examples/Makefile
config.status:829: creating examples/echo/Makefile
config.status:829: creating examples/echo/echo-client/Makefile
config.status:829: creating examples/echo/echo-keygen/Makefile
config.status:829: creating examples/echo/echo-server/Makefile
config.status:829: creating doc/Makefile
config.status:1001: executing depfiles commands
config.status:1078: cd src/protocol       && sed -e '/# am--include-marker/d' Makefile         | make -f - am--depfiles
make[1]: Entering directory '/home/user/Desktop/University/MICS_Master/Semester4/Thesis/Implementation_Work/Noise_c/src/protocol'
make[1]: Nothing to be done for 'am--depfiles'.
make[1]: Leaving directory '/home/user/Desktop/University/MICS_Master/Semester4/Thesis/Implementation_Work/Noise_c/src/protocol'
config.status:1083: $? = 0
config.status:1078: cd src/protobufs       && sed -e '/# am--include-marker/d' Makefile         | make -f - am--depfiles
make[1]: Entering directory '/home/user/Desktop/University/MICS_Master/Semester4/Thesis/Implementation_Work/Noise_c/src/protobufs'
make[1]: Nothing to be done for 'am--depfiles'.
make[1]: Leaving directory '/home/user/Desktop/University/MICS_Master/Semester4/Thesis/Implementation_Work/Noise_c/src/protobufs'
config.status:1083: $? = 0
config.status:1078: cd src/keys       && sed -e '/# am--include-marker/d' Makefile         | make -f - am--depfiles
make[1]: Entering directory '/home/user/Desktop/University/MICS_Master/Semester4/Thesis/Implementation_Work/Noise_c/src/keys'
make[1]: Nothing to be done for 'am--depfiles'.
make[1]: Leaving directory '/home/user/Desktop/University/MICS_Master/Semester4/Thesis/Implementation_Work/Noise_c/src/keys'
config.status:1083: $? = 0
config.status:1078: cd tests/unit       && sed -e '/# am--include-marker/d' Makefile         | make -f - am--depfiles
make[1]: Entering directory '/home/user/Desktop/University/MICS_Master/Semester4/Thesis/Implementation_Work/Noise_c/tests/unit'
make[1]: Nothing to be done for 'am--depfiles'.
make[1]: Leaving directory '/home/user/Desktop/University/MICS_Master/Semester4/Thesis/Implementation_Work/Noise_c/tests/unit'
config.status:1083: $? = 0
config.status:1078: cd tests/vector       && sed -e '/# am--include-marker/d' Makefile         | make -f - am--depfiles
make[1]: Entering directory '/home/user/Desktop/University/MICS_Master/Semester4/Thesis/Implementation_Work/Noise_c/tests/vector'
make[1]: Nothing to be done for 'am--depfiles'.
make[1]: Leaving directory '/home/user/Desktop/University/MICS_Master/Semester4/Thesis/Implementation_Work/Noise_c/tests/vector'
config.status:1083: $? = 0
config.status:1078: cd tests/vector-gen       && sed -e '/# am--include-marker/d' Makefile         | make -f - am--depfiles
make[1]: Entering directory '/home/user/Desktop/University/MICS_Master/Semester4/Thesis/Implementation_Work/Noise_c/tests/vector-gen'
make[1]: Nothing to be done for 'am--depfiles'.
make[1]: Leaving directory '/home/user/Desktop/University/MICS_Master/Semester4/Thesis/Implementation_Work/Noise_c/tests/vector-gen'
config.status:1083: $? = 0
config.status:1078: cd tests/performance       && sed -e '/# am--include-marker/d' Makefile         | make -f - am--depfiles
make[1]: Entering directory '/home/user/Desktop/University/MICS_Master/Semester4/Thesis/Implementation_Work/Noise_c/tests/performance'
make[1]: Nothing to be done for 'am--depfiles'.
make[1]: Leaving directory '/home/user/Desktop/University/MICS_Master/Semester4/Thesis/Implementation_Work/Noise_c/tests/performance'
config.status:1083: $? = 0
config.status:1078: cd tools/keytool       && sed -e '/# am--include-marker/d' Makefile         | make -f - am--depfiles
make[1]: Entering directory '/home/user/Desktop/University/MICS_Master/Semester4/Thesis/Implementation_Work/Noise_c/tools/keytool'
make[1]: Nothing to be done for 'am--depfiles'.
make[1]: Leaving directory '/home/user/Desktop/University/MICS_Master/Semester4/Thesis/Implementation_Work/Noise_c/tools/keytool'
config.status:1083: $? = 0
config.status:1078: cd tools/protoc       && sed -e '/# am--include-marker/d' Makefile         | make -f - am--depfiles
make[1]: Entering directory '/home/user/Desktop/University/MICS_Master/Semester4/Thesis/Implementation_Work/Noise_c/tools/protoc'
make[1]: Nothing to be done for 'am--depfiles'.
make[1]: Leaving directory '/home/user/Desktop/University/MICS_Master/Semester4/Thesis/Implementation_Work/Noise_c/tools/protoc'
config.status:1083: $? = 0
config.status:1078: cd examples/echo/echo-client       && sed -e '/# am--include-marker/d' Makefile         | make -f - am--depfiles
make[1]: Entering directory '/home/user/Desktop/University/MICS_Master/Semester4/Thesis/Implementation_Work/Noise_c/examples/echo/echo-client'
make[1]: Nothing to be done for 'am--depfiles'.
make[1]: Leaving directory '/home/user/Desktop/University/MICS_Master/Semester4/Thesis/Implementation_Work/Noise_c/examples/echo/echo-client'
config.status:1083: $? = 0
config.status:1078: cd examples/echo/echo-keygen       && sed -e '/# am--include-marker/d' Makefile         | make -f - am--depfiles
make[1]: Entering directory '/home/user/Desktop/University/MICS_Master/Semester4/Thesis/Implementation_Work/Noise_c/examples/echo/echo-keygen'
make[1]: Nothing to be done for 'am--depfiles'.
make[1]: Leaving directory '/home/user/Desktop/University/MICS_Master/Semester4/Thesis/Implementation_Work/Noise_c/examples/echo/echo-keygen'
config.status:1083: $? = 0
config.status:1078: cd examples/echo/echo-server       && sed -e '/# am--include-marker/d' Makefile         | make -f - am--depfiles
make[1]: Entering directory '/home/user/Desktop/University/MICS_Master/Semester4/Thesis/Implementation_Work/Noise_c/examples/echo/echo-server'
make[1]: Nothing to be done for 'am--depfiles'.
make[1]: Leaving directory '/home/user/Desktop/University/MICS_Master/Semester4/Thesis/Implementation_Work/Noise_c/examples/echo/echo-server'
config.status:1083: $? = 0
