This file contains any messages produced by compilers while
running configure, to aid debugging if configure makes a mistake.

It was created by noise-c configure 0.0.1, which was
generated by GNU Autoconf 2.71.  Invocation command line was

  $ /home/user/Desktop/University/MICS_Master/Semester4/Thesis/Implementation_Work/Noise_c/configure

## --------- ##
## Platform. ##
## --------- ##

hostname = user-pc
uname -m = x86_64
uname -r = 6.5.0-27-generic
uname -s = Linux
uname -v = #28~22.04.1-Ubuntu SMP PREEMPT_DYNAMIC Fri Mar 15 10:51:06 UTC 2

/usr/bin/uname -p = x86_64
/bin/uname -X     = unknown

/bin/arch              = x86_64
/usr/bin/arch -k       = unknown
/usr/convex/getsysinfo = unknown
/usr/bin/hostinfo      = unknown
/bin/machine           = unknown
/usr/bin/oslevel       = unknown
/bin/universe          = unknown

PATH: /home/user/.local/bin/
PATH: /usr/local/sbin/
PATH: /usr/local/bin/
PATH: /usr/sbin/
PATH: /usr/bin/
PATH: /sbin/
PATH: /bin/
PATH: /usr/games/
PATH: /usr/local/games/
PATH: /snap/bin/
PATH: /snap/bin/
PATH: /usr/local/go/bin/
PATH: /home/user/.local/share/JetBrains/Toolbox/scripts/
PATH: /home/user/.local/share/JetBrains/Toolbox/apps/clion/bin/ninja/linux/x64/


## ----------- ##
## Core tests. ##
## ----------- ##

configure:2684: looking for aux files: config.guess config.sub compile missing install-sh
configure:2697:  trying /home/user/Desktop/University/MICS_Master/Semester4/Thesis/Implementation_Work/Noise_c/
configure:2726:   /home/user/Desktop/University/MICS_Master/Semester4/Thesis/Implementation_Work/Noise_c/config.guess found
configure:2726:   /home/user/Desktop/University/MICS_Master/Semester4/Thesis/Implementation_Work/Noise_c/config.sub found
configure:2726:   /home/user/Desktop/University/MICS_Master/Semester4/Thesis/Implementation_Work/Noise_c/compile found
configure:2726:   /home/user/Desktop/University/MICS_Master/Semester4/Thesis/Implementation_Work/Noise_c/missing found
configure:2708:   /home/user/Desktop/University/MICS_Master/Semester4/Thesis/Implementation_Work/Noise_c/install-sh found
configure:2855: checking for a BSD-compatible install
configure:2928: result: /usr/bin/install -c
configure:2939: checking whether build environment is sane
configure:2994: result: yes
configure:3153: checking for a race-free mkdir -p
configure:3197: result: /usr/bin/mkdir -p
configure:3204: checking for gawk
configure:3239: result: no
configure:3204: checking for mawk
configure:3225: found /usr/bin/mawk
configure:3236: result: mawk
configure:3247: checking whether make sets $(MAKE)
configure:3270: result: yes
configure:3300: checking whether make supports nested variables
configure:3318: result: yes
configure:3335: error: source directory already configured; run "make distclean" there first

## ---------------- ##
## Cache variables. ##
## ---------------- ##

ac_cv_env_CC_set=
ac_cv_env_CC_value=
ac_cv_env_CFLAGS_set=
ac_cv_env_CFLAGS_value=
ac_cv_env_CPPFLAGS_set=
ac_cv_env_CPPFLAGS_value=
ac_cv_env_CPP_set=
ac_cv_env_CPP_value=
ac_cv_env_LDFLAGS_set=
ac_cv_env_LDFLAGS_value=
ac_cv_env_LIBS_set=
ac_cv_env_LIBS_value=
ac_cv_env_PKG_CONFIG_LIBDIR_set=
ac_cv_env_PKG_CONFIG_LIBDIR_value=
ac_cv_env_PKG_CONFIG_PATH_set=
ac_cv_env_PKG_CONFIG_PATH_value=
ac_cv_env_PKG_CONFIG_set=
ac_cv_env_PKG_CONFIG_value=
ac_cv_env_YACC_set=
ac_cv_env_YACC_value=
ac_cv_env_YFLAGS_set=
ac_cv_env_YFLAGS_value=
ac_cv_env_build_alias_set=
ac_cv_env_build_alias_value=
ac_cv_env_host_alias_set=
ac_cv_env_host_alias_value=
ac_cv_env_libsodium_CFLAGS_set=
ac_cv_env_libsodium_CFLAGS_value=
ac_cv_env_libsodium_LIBS_set=
ac_cv_env_libsodium_LIBS_value=
ac_cv_env_openssl_CFLAGS_set=
ac_cv_env_openssl_CFLAGS_value=
ac_cv_env_openssl_LIBS_set=
ac_cv_env_openssl_LIBS_value=
ac_cv_env_target_alias_set=
ac_cv_env_target_alias_value=
ac_cv_path_install='/usr/bin/install -c'
ac_cv_path_mkdir=/usr/bin/mkdir
ac_cv_prog_AWK=mawk
ac_cv_prog_make_make_set=yes
am_cv_make_support_nested_variables=yes

## ----------------- ##
## Output variables. ##
## ----------------- ##

ACLOCAL=''
AMDEPBACKSLASH=''
AMDEP_FALSE=''
AMDEP_TRUE=''
AMTAR=''
AM_BACKSLASH='\'
AM_DEFAULT_V='$(AM_DEFAULT_VERBOSITY)'
AM_DEFAULT_VERBOSITY='1'
AM_V='$(V)'
AUTOCONF=''
AUTOHEADER=''
AUTOMAKE=''
AWK='mawk'
CC=''
CCDEPMODE=''
CFLAGS=''
CPP=''
CPPFLAGS=''
CSCOPE=''
CTAGS=''
CYGPATH_W=''
DEFS=''
DEPDIR=''
DOXYGEN=''
ECHO_C=''
ECHO_N='-n'
ECHO_T=''
EGREP=''
ETAGS=''
EXEEXT=''
GOLDILOCKS_ARCH=''
GREP=''
INSTALL_DATA='${INSTALL} -m 644'
INSTALL_PROGRAM='${INSTALL}'
INSTALL_SCRIPT='${INSTALL}'
INSTALL_STRIP_PROGRAM='$(install_sh) -c -s'
LDFLAGS=''
LEX=''
LEXLIB=''
LEX_OUTPUT_ROOT=''
LIBOBJS=''
LIBS=''
LTLIBOBJS=''
MAKEINFO=''
MKDIR_P='/usr/bin/mkdir -p'
OBJEXT=''
PACKAGE=''
PACKAGE_BUGREPORT=''
PACKAGE_NAME='noise-c'
PACKAGE_STRING='noise-c 0.0.1'
PACKAGE_TARNAME='noise-c'
PACKAGE_URL=''
PACKAGE_VERSION='0.0.1'
PATH_SEPARATOR=':'
PKG_CONFIG=''
PKG_CONFIG_LIBDIR=''
PKG_CONFIG_PATH=''
PTHREAD_CC=''
PTHREAD_CFLAGS=''
PTHREAD_LIBS=''
RANLIB=''
SED=''
SET_MAKE=''
SHELL='/bin/bash'
STRIP=''
USE_LIBSODIUM_FALSE=''
USE_LIBSODIUM_TRUE=''
USE_OPENSSL_FALSE=''
USE_OPENSSL_TRUE=''
VERSION=''
WARNING_FLAGS=''
YACC=''
YFLAGS=''
ac_ct_CC=''
am__EXEEXT_FALSE=''
am__EXEEXT_TRUE=''
am__fastdepCC_FALSE=''
am__fastdepCC_TRUE=''
am__include=''
am__isrc=' -I$(srcdir)'
am__leading_dot='.'
am__nodep=''
am__quote=''
am__tar=''
am__untar=''
ax_pthread_config=''
bindir='${exec_prefix}/bin'
build=''
build_alias=''
build_cpu=''
build_os=''
build_vendor=''
datadir='${datarootdir}'
datarootdir='${prefix}/share'
docdir='${datarootdir}/doc/${PACKAGE_TARNAME}'
dvidir='${docdir}'
exec_prefix='NONE'
host=''
host_alias=''
host_cpu=''
host_os=''
host_vendor=''
htmldir='${docdir}'
includedir='${prefix}/include'
infodir='${datarootdir}/info'
install_sh='${SHELL} /home/user/Desktop/University/MICS_Master/Semester4/Thesis/Implementation_Work/Noise_c/install-sh'
libdir='${exec_prefix}/lib'
libexecdir='${exec_prefix}/libexec'
libsodium_CFLAGS=''
libsodium_LIBS=''
localedir='${datarootdir}/locale'
localstatedir='${prefix}/var'
mandir='${datarootdir}/man'
mkdir_p=''
oldincludedir='/usr/include'
openssl_CFLAGS=''
openssl_LIBS=''
pdfdir='${docdir}'
prefix='NONE'
program_transform_name='s,x,x,'
psdir='${docdir}'
runstatedir='${localstatedir}/run'
sbindir='${exec_prefix}/sbin'
sharedstatedir='${prefix}/com'
sysconfdir='${prefix}/etc'
target_alias=''

## ----------- ##
## confdefs.h. ##
## ----------- ##

/* confdefs.h */
#define PACKAGE_NAME "noise-c"
#define PACKAGE_TARNAME "noise-c"
#define PACKAGE_VERSION "0.0.1"
#define PACKAGE_STRING "noise-c 0.0.1"
#define PACKAGE_BUGREPORT ""
#define PACKAGE_URL ""

configure: exit 1
